
Parameter set :
===============================================================
 * Input filename         : ../test_data/test_data_500leaves.newick
 * Output filename prefix : out_prototype
 * Output dirname         : out_prototype
 * Stop option (NL)       : 250
 * Silent                 : False
===============================================================

Output directory out_prototype/ was created.


Reading tree data ...
=> DONE

Getting leaf names ...
=> DONE

Mid-point rooting ...
=> DONE

Detecting root node ...
=> DONE

Calculating basic Statistics of the input tree ...
=> DONE

Input tree Statistics :
===============================================================
 * Number of the leaves in the tree          : 500
 * Total branch length of the tree           : 43.47894
 * Diameter (the longest leaf-leaf distance) : 2.39503
 * Height (the longest root-to-tip distance) : 1.197515
===============================================================

START PRUNING !

Iteration : 1	RTL : 0.999987810190	# of leaves remain : 499	Pruned leaf : P01926_2
Iteration : 2	RTL : 0.999975620381	# of leaves remain : 498	Pruned leaf : P14387_2
Iteration : 3	RTL : 0.999963430571	# of leaves remain : 497	Pruned leaf : P18972_1
Iteration : 4	RTL : 0.999951240762	# of leaves remain : 496	Pruned leaf : P20018_1
Iteration : 5	RTL : 0.999939050952	# of leaves remain : 495	Pruned leaf : P21379_1
Iteration : 6	RTL : 0.999926861142	# of leaves remain : 494	Pruned leaf : P61947_2
Iteration : 7	RTL : 0.999914671333	# of leaves remain : 493	Pruned leaf : P67821_3
Iteration : 8	RTL : 0.999902481523	# of leaves remain : 492	Pruned leaf : P68077_2
Iteration : 9	RTL : 0.999890291714	# of leaves remain : 491	Pruned leaf : Q28356_3
Iteration : 10	RTL : 0.999878101904	# of leaves remain : 490	Pruned leaf : Q6WN27_3
Iteration : 11	RTL : 0.999865912094	# of leaves remain : 489	Pruned leaf : Q9DF25_1
Iteration : 12	RTL : 0.999853722285	# of leaves remain : 488	Pruned leaf : Q9TS35_2
Iteration : 13	RTL : 0.999841302479	# of leaves remain : 487	Pruned leaf : B3EWC7_1
Iteration : 14	RTL : 0.999828882673	# of leaves remain : 486	Pruned leaf : D0VX09_1
Iteration : 15	RTL : 0.999816462867	# of leaves remain : 485	Pruned leaf : P01929_1
Iteration : 16	RTL : 0.999804043061	# of leaves remain : 484	Pruned leaf : P01934_1
Iteration : 17	RTL : 0.999791623255	# of leaves remain : 483	Pruned leaf : P01968_1
Iteration : 18	RTL : 0.999779203449	# of leaves remain : 482	Pruned leaf : P01975_1
Iteration : 19	RTL : 0.999766783643	# of leaves remain : 481	Pruned leaf : P01987_2
Iteration : 20	RTL : 0.999754363837	# of leaves remain : 480	Pruned leaf : P01991_1
Iteration : 21	RTL : 0.999741944031	# of leaves remain : 479	Pruned leaf : P01992_1
Iteration : 22	RTL : 0.999729524225	# of leaves remain : 478	Pruned leaf : P01998_1
Iteration : 23	RTL : 0.999717104419	# of leaves remain : 477	Pruned leaf : P02028_1
Iteration : 24	RTL : 0.999704684613	# of leaves remain : 476	Pruned leaf : P02032_1
Iteration : 25	RTL : 0.999692264807	# of leaves remain : 475	Pruned leaf : P04246_1
Iteration : 26	RTL : 0.999679845001	# of leaves remain : 474	Pruned leaf : P08256_1
Iteration : 27	RTL : 0.999667425195	# of leaves remain : 473	Pruned leaf : P08850_2
Iteration : 28	RTL : 0.999655005389	# of leaves remain : 472	Pruned leaf : P0CH25_1
Iteration : 29	RTL : 0.999642585583	# of leaves remain : 471	Pruned leaf : P10778_1
Iteration : 30	RTL : 0.999630165777	# of leaves remain : 470	Pruned leaf : P11750_2
Iteration : 31	RTL : 0.999617745971	# of leaves remain : 469	Pruned leaf : P21201_1
Iteration : 32	RTL : 0.999605326165	# of leaves remain : 468	Pruned leaf : P24660_1
Iteration : 33	RTL : 0.999592906359	# of leaves remain : 467	Pruned leaf : P29624_1
Iteration : 34	RTL : 0.999580486553	# of leaves remain : 466	Pruned leaf : P41328_1
Iteration : 35	RTL : 0.999568066747	# of leaves remain : 465	Pruned leaf : P61920_2
Iteration : 36	RTL : 0.999555646941	# of leaves remain : 464	Pruned leaf : P63107_2
Iteration : 37	RTL : 0.999543227135	# of leaves remain : 463	Pruned leaf : P68014_1
Iteration : 38	RTL : 0.999530807329	# of leaves remain : 462	Pruned leaf : P68052_1
Iteration : 39	RTL : 0.999518387523	# of leaves remain : 461	Pruned leaf : P68065_1
Iteration : 40	RTL : 0.999505967717	# of leaves remain : 460	Pruned leaf : P68871_2
Iteration : 41	RTL : 0.999493547911	# of leaves remain : 459	Pruned leaf : P80043_1
Iteration : 42	RTL : 0.999481128105	# of leaves remain : 458	Pruned leaf : Q9TSN7_3
Iteration : 43	RTL : 0.999468708299	# of leaves remain : 457	Pruned leaf : Q9TVA3_3
Iteration : 44	RTL : 0.999456288493	# of leaves remain : 456	Pruned leaf : Q9XSE9_3
Iteration : 45	RTL : 0.999443638690	# of leaves remain : 455	Pruned leaf : D0VX08_1
Iteration : 46	RTL : 0.999430988888	# of leaves remain : 454	Pruned leaf : P01923_1
Iteration : 47	RTL : 0.999418339086	# of leaves remain : 453	Pruned leaf : P01958_2
Iteration : 48	RTL : 0.999405689283	# of leaves remain : 452	Pruned leaf : P01959_3
Iteration : 49	RTL : 0.999393039481	# of leaves remain : 451	Pruned leaf : P01966_2
Iteration : 50	RTL : 0.999380389678	# of leaves remain : 450	Pruned leaf : P01988_2
Iteration : 51	RTL : 0.999367739876	# of leaves remain : 449	Pruned leaf : P01989_2
Iteration : 52	RTL : 0.999355090073	# of leaves remain : 448	Pruned leaf : P01994_2
Iteration : 53	RTL : 0.999342440271	# of leaves remain : 447	Pruned leaf : P02025_1
Iteration : 54	RTL : 0.999329790469	# of leaves remain : 446	Pruned leaf : P02029_1
Iteration : 55	RTL : 0.999317140666	# of leaves remain : 445	Pruned leaf : P02030_1
Iteration : 56	RTL : 0.999304490864	# of leaves remain : 444	Pruned leaf : P02035_1
Iteration : 57	RTL : 0.999291841061	# of leaves remain : 443	Pruned leaf : P02084_1
Iteration : 58	RTL : 0.999279191259	# of leaves remain : 442	Pruned leaf : P02085_1
Iteration : 59	RTL : 0.999266541457	# of leaves remain : 441	Pruned leaf : P02112_2
Iteration : 60	RTL : 0.999253891654	# of leaves remain : 440	Pruned leaf : P04238_1
Iteration : 61	RTL : 0.999241241852	# of leaves remain : 439	Pruned leaf : P06636_2
Iteration : 62	RTL : 0.999228592049	# of leaves remain : 438	Pruned leaf : P06890_2
Iteration : 63	RTL : 0.999215942247	# of leaves remain : 437	Pruned leaf : P07415_1
Iteration : 64	RTL : 0.999203292445	# of leaves remain : 436	Pruned leaf : P07417_2
Iteration : 65	RTL : 0.999190642642	# of leaves remain : 435	Pruned leaf : P08260_1
Iteration : 66	RTL : 0.999177992840	# of leaves remain : 434	Pruned leaf : P09423_2
Iteration : 67	RTL : 0.999165343037	# of leaves remain : 433	Pruned leaf : P10885_1
Iteration : 68	RTL : 0.999152693235	# of leaves remain : 432	Pruned leaf : P15449_1
Iteration : 69	RTL : 0.999140043433	# of leaves remain : 431	Pruned leaf : P18970_2
Iteration : 70	RTL : 0.999127393630	# of leaves remain : 430	Pruned leaf : P18976_1
Iteration : 71	RTL : 0.999114743828	# of leaves remain : 429	Pruned leaf : P18985_1
Iteration : 72	RTL : 0.999102094025	# of leaves remain : 428	Pruned leaf : P18986_1
Iteration : 73	RTL : 0.999089444223	# of leaves remain : 427	Pruned leaf : P18988_2
Iteration : 74	RTL : 0.999076794420	# of leaves remain : 426	Pruned leaf : P18995_2
Iteration : 75	RTL : 0.999064144618	# of leaves remain : 425	Pruned leaf : P21766_1
Iteration : 76	RTL : 0.999051494816	# of leaves remain : 424	Pruned leaf : P21767_1
Iteration : 77	RTL : 0.999038845013	# of leaves remain : 423	Pruned leaf : P23601_1
Iteration : 78	RTL : 0.999026195211	# of leaves remain : 422	Pruned leaf : P30893_1
Iteration : 79	RTL : 0.999013545408	# of leaves remain : 421	Pruned leaf : P33499_1
Iteration : 80	RTL : 0.999000895606	# of leaves remain : 420	Pruned leaf : P60523_1
Iteration : 81	RTL : 0.998988245804	# of leaves remain : 419	Pruned leaf : P60530_2
Iteration : 82	RTL : 0.998975596001	# of leaves remain : 418	Pruned leaf : P61772_2
Iteration : 83	RTL : 0.998962946199	# of leaves remain : 417	Pruned leaf : P63109_2
Iteration : 84	RTL : 0.998950296396	# of leaves remain : 416	Pruned leaf : P63110_1
Iteration : 85	RTL : 0.998937646594	# of leaves remain : 415	Pruned leaf : P67815_1
Iteration : 86	RTL : 0.998924996792	# of leaves remain : 414	Pruned leaf : P67817_2
Iteration : 87	RTL : 0.998912346989	# of leaves remain : 413	Pruned leaf : P67822_1
Iteration : 88	RTL : 0.998899697187	# of leaves remain : 412	Pruned leaf : P68048_2
Iteration : 89	RTL : 0.998887047384	# of leaves remain : 411	Pruned leaf : P68054_1
Iteration : 90	RTL : 0.998874397582	# of leaves remain : 410	Pruned leaf : P68222_2
Iteration : 91	RTL : 0.998861747780	# of leaves remain : 409	Pruned leaf : P69905_2
Iteration : 92	RTL : 0.998849097977	# of leaves remain : 408	Pruned leaf : P81023_2
Iteration : 93	RTL : 0.998836448175	# of leaves remain : 407	Pruned leaf : Q1AGS5_3
Iteration : 94	RTL : 0.998823798372	# of leaves remain : 406	Pruned leaf : Q28338_3
Iteration : 95	RTL : 0.998811148570	# of leaves remain : 405	Pruned leaf : Q28779_3
Iteration : 96	RTL : 0.998786078961	# of leaves remain : 404	Pruned leaf : P68050_1
Iteration : 97	RTL : 0.998761009353	# of leaves remain : 403	Pruned leaf : Q45XI9_3
Iteration : 98	RTL : 0.998735709748	# of leaves remain : 402	Pruned leaf : P67818_1
Iteration : 99	RTL : 0.998653141038	# of leaves remain : 401	Pruned leaf : P01924_1
Iteration : 100	RTL : 0.998541592780	# of leaves remain : 400	Pruned leaf : P02115_1
Iteration : 101	RTL : 0.998399455001	# of leaves remain : 399	Pruned leaf : P02094_2
Iteration : 102	RTL : 0.998252717293	# of leaves remain : 398	Pruned leaf : P02001_1
Iteration : 103	RTL : 0.998105519592	# of leaves remain : 397	Pruned leaf : P02008_2
Iteration : 104	RTL : 0.997957861898	# of leaves remain : 396	Pruned leaf : P67819_1
Iteration : 105	RTL : 0.997809974208	# of leaves remain : 395	Pruned leaf : P60529_1
Iteration : 106	RTL : 0.997660476543	# of leaves remain : 394	Pruned leaf : P04442_1
Iteration : 107	RTL : 0.997510518886	# of leaves remain : 393	Pruned leaf : P02097_1
Iteration : 108	RTL : 0.997359641242	# of leaves remain : 392	Pruned leaf : P08257_1
Iteration : 109	RTL : 0.997208533603	# of leaves remain : 391	Pruned leaf : P08223_2
Iteration : 110	RTL : 0.997056965970	# of leaves remain : 390	Pruned leaf : P01937_1
Iteration : 111	RTL : 0.996905398338	# of leaves remain : 389	Pruned leaf : P22740_2
Iteration : 112	RTL : 0.996753140716	# of leaves remain : 388	Pruned leaf : P02113_1
Iteration : 113	RTL : 0.996600883094	# of leaves remain : 387	Pruned leaf : P08852_1
Iteration : 114	RTL : 0.996448395476	# of leaves remain : 386	Pruned leaf : P08853_1
Iteration : 115	RTL : 0.996295447865	# of leaves remain : 385	Pruned leaf : P09422_1
Iteration : 116	RTL : 0.996142270258	# of leaves remain : 384	Pruned leaf : P01971_2
Iteration : 117	RTL : 0.995989092650	# of leaves remain : 383	Pruned leaf : Q9TSN8_3
Iteration : 118	RTL : 0.995835685047	# of leaves remain : 382	Pruned leaf : P07410_1
Iteration : 119	RTL : 0.995682047446	# of leaves remain : 381	Pruned leaf : P18975_2
Iteration : 120	RTL : 0.995527489861	# of leaves remain : 380	Pruned leaf : P09909_1
Iteration : 121	RTL : 0.995372242286	# of leaves remain : 379	Pruned leaf : P01928_2
Iteration : 122	RTL : 0.995216764714	# of leaves remain : 378	Pruned leaf : P23602_1
Iteration : 123	RTL : 0.995061057146	# of leaves remain : 377	Pruned leaf : P02047_1
Iteration : 124	RTL : 0.994905349578	# of leaves remain : 376	Pruned leaf : P07403_1
Iteration : 125	RTL : 0.994749412014	# of leaves remain : 375	Pruned leaf : P68046_1
Iteration : 126	RTL : 0.994593014457	# of leaves remain : 374	Pruned leaf : P10892_1
Iteration : 127	RTL : 0.994436386904	# of leaves remain : 373	Pruned leaf : P01961_3
Iteration : 128	RTL : 0.994279759350	# of leaves remain : 372	Pruned leaf : P23600_1
Iteration : 129	RTL : 0.994123131797	# of leaves remain : 371	Pruned leaf : Q9TSN9_3
Iteration : 130	RTL : 0.993966274247	# of leaves remain : 370	Pruned leaf : P63105_1
Iteration : 131	RTL : 0.993809186701	# of leaves remain : 369	Pruned leaf : P63111_2
Iteration : 132	RTL : 0.993652099154	# of leaves remain : 368	Pruned leaf : Q6WN25_3
Iteration : 133	RTL : 0.993494781612	# of leaves remain : 367	Pruned leaf : P09906_1
Iteration : 134	RTL : 0.993337464069	# of leaves remain : 366	Pruned leaf : P68059_1
Iteration : 135	RTL : 0.993180146526	# of leaves remain : 365	Pruned leaf : Q6WN21_3
Iteration : 136	RTL : 0.993021908998	# of leaves remain : 364	Pruned leaf : P08259_1
Iteration : 137	RTL : 0.992863671469	# of leaves remain : 363	Pruned leaf : P19885_2
Iteration : 138	RTL : 0.992704743952	# of leaves remain : 362	Pruned leaf : P08224_2
Iteration : 139	RTL : 0.992545816434	# of leaves remain : 361	Pruned leaf : P13557_2
Iteration : 140	RTL : 0.992385508938	# of leaves remain : 360	Pruned leaf : P07425_1
Iteration : 141	RTL : 0.992224511453	# of leaves remain : 359	Pruned leaf : P21768_1
Iteration : 142	RTL : 0.992060754011	# of leaves remain : 358	Pruned leaf : P18969_2
Iteration : 143	RTL : 0.991896306580	# of leaves remain : 357	Pruned leaf : P68064_2
Iteration : 144	RTL : 0.991730479170	# of leaves remain : 356	Pruned leaf : P62741_2
Iteration : 145	RTL : 0.991562351796	# of leaves remain : 355	Pruned leaf : P02038_1
Iteration : 146	RTL : 0.991392844444	# of leaves remain : 354	Pruned leaf : P01977_1
Iteration : 147	RTL : 0.991222647102	# of leaves remain : 353	Pruned leaf : P01967_1
Iteration : 148	RTL : 0.991052219764	# of leaves remain : 352	Pruned leaf : P02044_3
Iteration : 149	RTL : 0.990881332434	# of leaves remain : 351	Pruned leaf : P01933_1
Iteration : 150	RTL : 0.990709755114	# of leaves remain : 350	Pruned leaf : P01969_2
Iteration : 151	RTL : 0.990538177794	# of leaves remain : 349	Pruned leaf : P02026_1
Iteration : 152	RTL : 0.990365910484	# of leaves remain : 348	Pruned leaf : P08258_1
Iteration : 153	RTL : 0.990192263197	# of leaves remain : 347	Pruned leaf : P07402_1
Iteration : 154	RTL : 0.990011486021	# of leaves remain : 346	Pruned leaf : P01996_2
Iteration : 155	RTL : 0.989830248852	# of leaves remain : 345	Pruned leaf : P02091_3
Iteration : 156	RTL : 0.989648091697	# of leaves remain : 344	Pruned leaf : Q6WN26_3
Iteration : 157	RTL : 0.989460414628	# of leaves remain : 343	Pruned leaf : P14390_1
Iteration : 158	RTL : 0.989269517610	# of leaves remain : 342	Pruned leaf : P01936_1
Iteration : 159	RTL : 0.989075860635	# of leaves remain : 341	Pruned leaf : P83135_2
Iteration : 160	RTL : 0.988875303768	# of leaves remain : 340	Pruned leaf : P01954_1
Iteration : 161	RTL : 0.988652897242	# of leaves remain : 339	Pruned leaf : P23019_1
Iteration : 162	RTL : 0.988420830867	# of leaves remain : 338	Pruned leaf : P41330_2
Iteration : 163	RTL : 0.988162084908	# of leaves remain : 337	Pruned leaf : P16417_1
Iteration : 164	RTL : 0.987888389183	# of leaves remain : 336	Pruned leaf : P02117_1
Iteration : 165	RTL : 0.987602963642	# of leaves remain : 335	Pruned leaf : P01953_1
Iteration : 166	RTL : 0.987315238136	# of leaves remain : 334	Pruned leaf : P01938_2
Iteration : 167	RTL : 0.987026362648	# of leaves remain : 333	Pruned leaf : P04243_2
Iteration : 168	RTL : 0.986726907326	# of leaves remain : 332	Pruned leaf : P83134_1
Iteration : 169	RTL : 0.986423312068	# of leaves remain : 331	Pruned leaf : P01939_3
Iteration : 170	RTL : 0.986117876839	# of leaves remain : 330	Pruned leaf : P01995_1
Iteration : 171	RTL : 0.985811061631	# of leaves remain : 329	Pruned leaf : Q6WN20_3
Iteration : 172	RTL : 0.985500566481	# of leaves remain : 328	Pruned leaf : P68232_2
Iteration : 173	RTL : 0.985189611338	# of leaves remain : 327	Pruned leaf : P10893_1
Iteration : 174	RTL : 0.984878656195	# of leaves remain : 326	Pruned leaf : Q9TS34_2
Iteration : 175	RTL : 0.984567471056	# of leaves remain : 325	Pruned leaf : P07412_1
Iteration : 176	RTL : 0.984255365931	# of leaves remain : 324	Pruned leaf : P06635_2
Iteration : 177	RTL : 0.983942570817	# of leaves remain : 323	Pruned leaf : P02123_1
Iteration : 178	RTL : 0.983627935732	# of leaves remain : 322	Pruned leaf : P68011_1
Iteration : 179	RTL : 0.983313300646	# of leaves remain : 321	Pruned leaf : P83613_1
Iteration : 180	RTL : 0.982997055586	# of leaves remain : 320	Pruned leaf : P83131_2
Iteration : 181	RTL : 0.982680580529	# of leaves remain : 319	Pruned leaf : P41327_1
Iteration : 182	RTL : 0.982362955491	# of leaves remain : 318	Pruned leaf : Q6WN22_3
Iteration : 183	RTL : 0.982044410466	# of leaves remain : 317	Pruned leaf : P21871_2
Iteration : 184	RTL : 0.981724485464	# of leaves remain : 316	Pruned leaf : P61948_2
Iteration : 185	RTL : 0.981404330464	# of leaves remain : 315	Pruned leaf : Q6WN29_3
Iteration : 186	RTL : 0.981083945469	# of leaves remain : 314	Pruned leaf : P02031_1
Iteration : 187	RTL : 0.980763100480	# of leaves remain : 313	Pruned leaf : P02058_1
Iteration : 188	RTL : 0.980439495535	# of leaves remain : 312	Pruned leaf : P02004_1
Iteration : 189	RTL : 0.980114050619	# of leaves remain : 311	Pruned leaf : Q1AGS4_3
Iteration : 190	RTL : 0.979788375706	# of leaves remain : 310	Pruned leaf : P01986_2
Iteration : 191	RTL : 0.979460400829	# of leaves remain : 309	Pruned leaf : P84791_1
Iteration : 192	RTL : 0.979128746009	# of leaves remain : 308	Pruned leaf : P02042_2
Iteration : 193	RTL : 0.978794791225	# of leaves remain : 307	Pruned leaf : P02057_2
Iteration : 194	RTL : 0.978460606445	# of leaves remain : 306	Pruned leaf : P02061_1
Iteration : 195	RTL : 0.978114921845	# of leaves remain : 305	Pruned leaf : P19002_1
Iteration : 196	RTL : 0.977766707284	# of leaves remain : 304	Pruned leaf : P02016_3
Iteration : 197	RTL : 0.977412972809	# of leaves remain : 303	Pruned leaf : B3EWD6_1
Iteration : 198	RTL : 0.977059008338	# of leaves remain : 302	Pruned leaf : P02012_2
Iteration : 199	RTL : 0.976702743903	# of leaves remain : 301	Pruned leaf : P24589_2
Iteration : 200	RTL : 0.976338429594	# of leaves remain : 300	Pruned leaf : P01993_2
Iteration : 201	RTL : 0.975963305453	# of leaves remain : 299	Pruned leaf : P01972_1
Iteration : 202	RTL : 0.975583351388	# of leaves remain : 298	Pruned leaf : P0C238_2
Iteration : 203	RTL : 0.975193277481	# of leaves remain : 297	Pruned leaf : P82111_1
Iteration : 204	RTL : 0.974797223667	# of leaves remain : 296	Pruned leaf : P10057_1
Iteration : 205	RTL : 0.974388980044	# of leaves remain : 295	Pruned leaf : P01942_2
Iteration : 206	RTL : 0.973980276428	# of leaves remain : 294	Pruned leaf : P20244_1
Iteration : 207	RTL : 0.973560992977	# of leaves remain : 293	Pruned leaf : P24659_1
Iteration : 208	RTL : 0.973132969663	# of leaves remain : 292	Pruned leaf : P09105_2
Iteration : 209	RTL : 0.972699656431	# of leaves remain : 291	Pruned leaf : P20243_1
Iteration : 210	RTL : 0.972260133297	# of leaves remain : 290	Pruned leaf : P62363_1
Iteration : 211	RTL : 0.971816470227	# of leaves remain : 289	Pruned leaf : P04239_1
Iteration : 212	RTL : 0.971368207229	# of leaves remain : 288	Pruned leaf : P45718_1
Iteration : 213	RTL : 0.970916494284	# of leaves remain : 287	Pruned leaf : P11753_1
Iteration : 214	RTL : 0.970462251380	# of leaves remain : 286	Pruned leaf : P01990_2
Iteration : 215	RTL : 0.970003408547	# of leaves remain : 285	Pruned leaf : P02077_1
Iteration : 216	RTL : 0.969544335717	# of leaves remain : 284	Pruned leaf : Q95238_3
Iteration : 217	RTL : 0.969080202967	# of leaves remain : 283	Pruned leaf : P15166_1
Iteration : 218	RTL : 0.968611470289	# of leaves remain : 282	Pruned leaf : P68015_1
Iteration : 219	RTL : 0.968136987700	# of leaves remain : 281	Pruned leaf : P01956_1
Iteration : 220	RTL : 0.967658135180	# of leaves remain : 280	Pruned leaf : P82112_1
Iteration : 221	RTL : 0.967176752699	# of leaves remain : 279	Pruned leaf : P18996_3
Iteration : 222	RTL : 0.966694910226	# of leaves remain : 278	Pruned leaf : P07034_1
Iteration : 223	RTL : 0.966212607759	# of leaves remain : 277	Pruned leaf : P0CH26_1
Iteration : 224	RTL : 0.965729155311	# of leaves remain : 276	Pruned leaf : P02039_1
Iteration : 225	RTL : 0.965244782876	# of leaves remain : 275	Pruned leaf : P02003_1
Iteration : 226	RTL : 0.964758570471	# of leaves remain : 274	Pruned leaf : Q9XSN3_3
Iteration : 227	RTL : 0.964271438080	# of leaves remain : 273	Pruned leaf : P02102_2
Iteration : 228	RTL : 0.963780395750	# of leaves remain : 272	Pruned leaf : P09420_1
Iteration : 229	RTL : 0.963283143517	# of leaves remain : 271	Pruned leaf : P02024_2
Iteration : 230	RTL : 0.962781521353	# of leaves remain : 270	Pruned leaf : Q6WN28_3
Iteration : 231	RTL : 0.962257589536	# of leaves remain : 269	Pruned leaf : P81024_1
Iteration : 232	RTL : 0.961732737735	# of leaves remain : 268	Pruned leaf : P01962_1
Iteration : 233	RTL : 0.961196846105	# of leaves remain : 267	Pruned leaf : P06637_2
Iteration : 234	RTL : 0.960641174785	# of leaves remain : 266	Pruned leaf : Q6B0K9_1
Iteration : 235	RTL : 0.960079753554	# of leaves remain : 265	Pruned leaf : P02019_1
Iteration : 236	RTL : 0.959509592460	# of leaves remain : 264	Pruned leaf : P28781_1
Iteration : 237	RTL : 0.958936441413	# of leaves remain : 263	Pruned leaf : P07411_1
Iteration : 238	RTL : 0.958353630516	# of leaves remain : 262	Pruned leaf : P20854_1
Iteration : 239	RTL : 0.957753799886	# of leaves remain : 261	Pruned leaf : P01950_1
Iteration : 240	RTL : 0.957146379374	# of leaves remain : 260	Pruned leaf : B3EWE3_1
Iteration : 241	RTL : 0.956533898941	# of leaves remain : 259	Pruned leaf : P22742_1
Iteration : 242	RTL : 0.955915208604	# of leaves remain : 258	Pruned leaf : P19759_2
Iteration : 243	RTL : 0.955295828279	# of leaves remain : 257	Pruned leaf : P07421_1
Iteration : 244	RTL : 0.954673228004	# of leaves remain : 256	Pruned leaf : O42425_3
Iteration : 245	RTL : 0.954041657869	# of leaves remain : 255	Pruned leaf : P02088_2
Iteration : 246	RTL : 0.953400427885	# of leaves remain : 254	Pruned leaf : P02036_2
Iteration : 247	RTL : 0.952758967905	# of leaves remain : 253	Pruned leaf : P23016_1
Iteration : 248	RTL : 0.952114977964	# of leaves remain : 252	Pruned leaf : P17689_1
Iteration : 249	RTL : 0.951463628138	# of leaves remain : 251	Pruned leaf : P28780_1
Iteration : 250	RTL : 0.950811818319	# of leaves remain : 250	Pruned leaf : P15163_1

out_prototype/out_prototype.tsv was saved.
out_prototype/out_prototype_remaining_leaves.txt was saved.
out_prototype/out_prototype_pruned_leaves.txt was saved.
out_prototype/out_prototype_tree.newick was saved.

Output file name :
===============================================================
 * Execution log            : out_prototype/out_prototype.log
 * Output TSV               : out_prototype/out_prototype.tsv
 * List of remaining leaves : out_prototype/out_prototype_remaining_leaves.txt
 * List of pruned leaves    : out_prototype/out_prototype_pruned_leaves.txt
 * Pruned tree              : out_prototype/out_prototype_tree.newick
===============================================================

PROGRAM FINISHED !!!

Total elapsed time : 0.620 sec.
