
Parameter set :
===============================================================
 * Input filename         : ../test_data/test_data_500leaves.newick
 * Output filename prefix : out
 * Output dirname         : outdir
 * Stop option (RTL)      : 0.001
 * Silent                 : False
===============================================================

Reading tree data ...
=> DONE

Getting leaf names ...
=> DONE

Mid-point rooting ...
=> DONE

Detecting root node ...
=> DONE

Calculating basic Statistics of the input tree ...
=> DONE

Input tree Statistics :
===============================================================
 * Number of the leaves in the tree          : 500
 * Total branch length of the tree           : 43.47894
 * Diameter (the longest leaf-leaf distance) : 2.39503
 * Height (the longest root-to-tip distance) : 1.197515
===============================================================

START PRUNING !

Iteration : 1	RTL : 0.999987810190	# of leaves remain : 499	Pruned leaf : P01926_2
Iteration : 2	RTL : 0.999975620381	# of leaves remain : 498	Pruned leaf : P14387_2
Iteration : 3	RTL : 0.999963430571	# of leaves remain : 497	Pruned leaf : P18972_1
Iteration : 4	RTL : 0.999951240762	# of leaves remain : 496	Pruned leaf : P20018_1
Iteration : 5	RTL : 0.999939050952	# of leaves remain : 495	Pruned leaf : P21379_1
Iteration : 6	RTL : 0.999926861142	# of leaves remain : 494	Pruned leaf : P61947_2
Iteration : 7	RTL : 0.999914671333	# of leaves remain : 493	Pruned leaf : P67821_3
Iteration : 8	RTL : 0.999902481523	# of leaves remain : 492	Pruned leaf : P68077_2
Iteration : 9	RTL : 0.999890291714	# of leaves remain : 491	Pruned leaf : Q28356_3
Iteration : 10	RTL : 0.999878101904	# of leaves remain : 490	Pruned leaf : Q6WN27_3
Iteration : 11	RTL : 0.999865912094	# of leaves remain : 489	Pruned leaf : Q9DF25_1
Iteration : 12	RTL : 0.999853722285	# of leaves remain : 488	Pruned leaf : Q9TS35_2
Iteration : 13	RTL : 0.999841302479	# of leaves remain : 487	Pruned leaf : B3EWC7_1
Iteration : 14	RTL : 0.999828882673	# of leaves remain : 486	Pruned leaf : D0VX09_1
Iteration : 15	RTL : 0.999816462867	# of leaves remain : 485	Pruned leaf : P01929_1
Iteration : 16	RTL : 0.999804043061	# of leaves remain : 484	Pruned leaf : P01934_1
Iteration : 17	RTL : 0.999791623255	# of leaves remain : 483	Pruned leaf : P01968_1
Iteration : 18	RTL : 0.999779203449	# of leaves remain : 482	Pruned leaf : P01975_1
Iteration : 19	RTL : 0.999766783643	# of leaves remain : 481	Pruned leaf : P01987_2
Iteration : 20	RTL : 0.999754363837	# of leaves remain : 480	Pruned leaf : P01991_1
Iteration : 21	RTL : 0.999741944031	# of leaves remain : 479	Pruned leaf : P01992_1
Iteration : 22	RTL : 0.999729524225	# of leaves remain : 478	Pruned leaf : P01998_1
Iteration : 23	RTL : 0.999717104419	# of leaves remain : 477	Pruned leaf : P02028_1
Iteration : 24	RTL : 0.999704684613	# of leaves remain : 476	Pruned leaf : P02032_1
Iteration : 25	RTL : 0.999692264807	# of leaves remain : 475	Pruned leaf : P04246_1
Iteration : 26	RTL : 0.999679845001	# of leaves remain : 474	Pruned leaf : P08256_1
Iteration : 27	RTL : 0.999667425195	# of leaves remain : 473	Pruned leaf : P08850_2
Iteration : 28	RTL : 0.999655005389	# of leaves remain : 472	Pruned leaf : P0CH25_1
Iteration : 29	RTL : 0.999642585583	# of leaves remain : 471	Pruned leaf : P10778_1
Iteration : 30	RTL : 0.999630165777	# of leaves remain : 470	Pruned leaf : P11750_2
Iteration : 31	RTL : 0.999617745971	# of leaves remain : 469	Pruned leaf : P21201_1
Iteration : 32	RTL : 0.999605326165	# of leaves remain : 468	Pruned leaf : P24660_1
Iteration : 33	RTL : 0.999592906359	# of leaves remain : 467	Pruned leaf : P29624_1
Iteration : 34	RTL : 0.999580486553	# of leaves remain : 466	Pruned leaf : P41328_1
Iteration : 35	RTL : 0.999568066747	# of leaves remain : 465	Pruned leaf : P61920_2
Iteration : 36	RTL : 0.999555646941	# of leaves remain : 464	Pruned leaf : P63107_2
Iteration : 37	RTL : 0.999543227135	# of leaves remain : 463	Pruned leaf : P68014_1
Iteration : 38	RTL : 0.999530807329	# of leaves remain : 462	Pruned leaf : P68052_1
Iteration : 39	RTL : 0.999518387523	# of leaves remain : 461	Pruned leaf : P68065_1
Iteration : 40	RTL : 0.999505967717	# of leaves remain : 460	Pruned leaf : P68871_2
Iteration : 41	RTL : 0.999493547911	# of leaves remain : 459	Pruned leaf : P80043_1
Iteration : 42	RTL : 0.999481128105	# of leaves remain : 458	Pruned leaf : Q9TSN7_3
Iteration : 43	RTL : 0.999468708299	# of leaves remain : 457	Pruned leaf : Q9TVA3_3
Iteration : 44	RTL : 0.999456288493	# of leaves remain : 456	Pruned leaf : Q9XSE9_3
Iteration : 45	RTL : 0.999443638690	# of leaves remain : 455	Pruned leaf : D0VX08_1
Iteration : 46	RTL : 0.999430988888	# of leaves remain : 454	Pruned leaf : P01923_1
Iteration : 47	RTL : 0.999418339086	# of leaves remain : 453	Pruned leaf : P01958_2
Iteration : 48	RTL : 0.999405689283	# of leaves remain : 452	Pruned leaf : P01959_3
Iteration : 49	RTL : 0.999393039481	# of leaves remain : 451	Pruned leaf : P01966_2
Iteration : 50	RTL : 0.999380389678	# of leaves remain : 450	Pruned leaf : P01988_2
Iteration : 51	RTL : 0.999367739876	# of leaves remain : 449	Pruned leaf : P01989_2
Iteration : 52	RTL : 0.999355090073	# of leaves remain : 448	Pruned leaf : P01994_2
Iteration : 53	RTL : 0.999342440271	# of leaves remain : 447	Pruned leaf : P02025_1
Iteration : 54	RTL : 0.999329790469	# of leaves remain : 446	Pruned leaf : P02029_1
Iteration : 55	RTL : 0.999317140666	# of leaves remain : 445	Pruned leaf : P02030_1
Iteration : 56	RTL : 0.999304490864	# of leaves remain : 444	Pruned leaf : P02035_1
Iteration : 57	RTL : 0.999291841061	# of leaves remain : 443	Pruned leaf : P02084_1
Iteration : 58	RTL : 0.999279191259	# of leaves remain : 442	Pruned leaf : P02085_1
Iteration : 59	RTL : 0.999266541457	# of leaves remain : 441	Pruned leaf : P02112_2
Iteration : 60	RTL : 0.999253891654	# of leaves remain : 440	Pruned leaf : P04238_1
Iteration : 61	RTL : 0.999241241852	# of leaves remain : 439	Pruned leaf : P06636_2
Iteration : 62	RTL : 0.999228592049	# of leaves remain : 438	Pruned leaf : P06890_2
Iteration : 63	RTL : 0.999215942247	# of leaves remain : 437	Pruned leaf : P07415_1
Iteration : 64	RTL : 0.999203292445	# of leaves remain : 436	Pruned leaf : P07417_2
Iteration : 65	RTL : 0.999190642642	# of leaves remain : 435	Pruned leaf : P08260_1
Iteration : 66	RTL : 0.999177992840	# of leaves remain : 434	Pruned leaf : P09423_2
Iteration : 67	RTL : 0.999165343037	# of leaves remain : 433	Pruned leaf : P10885_1
Iteration : 68	RTL : 0.999152693235	# of leaves remain : 432	Pruned leaf : P15449_1
Iteration : 69	RTL : 0.999140043433	# of leaves remain : 431	Pruned leaf : P18970_2
Iteration : 70	RTL : 0.999127393630	# of leaves remain : 430	Pruned leaf : P18976_1
Iteration : 71	RTL : 0.999114743828	# of leaves remain : 429	Pruned leaf : P18985_1
Iteration : 72	RTL : 0.999102094025	# of leaves remain : 428	Pruned leaf : P18986_1
Iteration : 73	RTL : 0.999089444223	# of leaves remain : 427	Pruned leaf : P18988_2
Iteration : 74	RTL : 0.999076794420	# of leaves remain : 426	Pruned leaf : P18995_2
Iteration : 75	RTL : 0.999064144618	# of leaves remain : 425	Pruned leaf : P21766_1
Iteration : 76	RTL : 0.999051494816	# of leaves remain : 424	Pruned leaf : P21767_1
Iteration : 77	RTL : 0.999038845013	# of leaves remain : 423	Pruned leaf : P23601_1
Iteration : 78	RTL : 0.999026195211	# of leaves remain : 422	Pruned leaf : P30893_1
Iteration : 79	RTL : 0.999013545408	# of leaves remain : 421	Pruned leaf : P33499_1
Iteration : 80	RTL : 0.999000895606	# of leaves remain : 420	Pruned leaf : P60523_1
Iteration : 81	RTL : 0.998988245804	# of leaves remain : 419	Pruned leaf : P60530_2
Iteration : 82	RTL : 0.998975596001	# of leaves remain : 418	Pruned leaf : P61772_2
Iteration : 83	RTL : 0.998962946199	# of leaves remain : 417	Pruned leaf : P63109_2
Iteration : 84	RTL : 0.998950296396	# of leaves remain : 416	Pruned leaf : P63110_1
Iteration : 85	RTL : 0.998937646594	# of leaves remain : 415	Pruned leaf : P67815_1
Iteration : 86	RTL : 0.998924996792	# of leaves remain : 414	Pruned leaf : P67817_2
Iteration : 87	RTL : 0.998912346989	# of leaves remain : 413	Pruned leaf : P67822_1
Iteration : 88	RTL : 0.998899697187	# of leaves remain : 412	Pruned leaf : P68048_2
Iteration : 89	RTL : 0.998887047384	# of leaves remain : 411	Pruned leaf : P68054_1
Iteration : 90	RTL : 0.998874397582	# of leaves remain : 410	Pruned leaf : P68222_2
Iteration : 91	RTL : 0.998861747780	# of leaves remain : 409	Pruned leaf : P69905_2
Iteration : 92	RTL : 0.998849097977	# of leaves remain : 408	Pruned leaf : P81023_2
Iteration : 93	RTL : 0.998836448175	# of leaves remain : 407	Pruned leaf : Q1AGS5_3
Iteration : 94	RTL : 0.998823798372	# of leaves remain : 406	Pruned leaf : Q28338_3
Iteration : 95	RTL : 0.998811148570	# of leaves remain : 405	Pruned leaf : Q28779_3
Iteration : 96	RTL : 0.998786078961	# of leaves remain : 404	Pruned leaf : P68050_1
Iteration : 97	RTL : 0.998761009353	# of leaves remain : 403	Pruned leaf : Q45XI9_3
Iteration : 98	RTL : 0.998735709748	# of leaves remain : 402	Pruned leaf : P67818_1
Iteration : 99	RTL : 0.998653141038	# of leaves remain : 401	Pruned leaf : P01924_1
Iteration : 100	RTL : 0.998541592780	# of leaves remain : 400	Pruned leaf : P02115_1
Iteration : 101	RTL : 0.998399455001	# of leaves remain : 399	Pruned leaf : P02094_2
Iteration : 102	RTL : 0.998252717293	# of leaves remain : 398	Pruned leaf : P02001_1
Iteration : 103	RTL : 0.998105519592	# of leaves remain : 397	Pruned leaf : P02008_2
Iteration : 104	RTL : 0.997957861898	# of leaves remain : 396	Pruned leaf : P67819_1
Iteration : 105	RTL : 0.997809974208	# of leaves remain : 395	Pruned leaf : P60529_1
Iteration : 106	RTL : 0.997660476543	# of leaves remain : 394	Pruned leaf : P04442_1
Iteration : 107	RTL : 0.997510518886	# of leaves remain : 393	Pruned leaf : P02097_1
Iteration : 108	RTL : 0.997359641242	# of leaves remain : 392	Pruned leaf : P08257_1
Iteration : 109	RTL : 0.997208533603	# of leaves remain : 391	Pruned leaf : P08223_2
Iteration : 110	RTL : 0.997056965970	# of leaves remain : 390	Pruned leaf : P01937_1
Iteration : 111	RTL : 0.996905398338	# of leaves remain : 389	Pruned leaf : P22740_2
Iteration : 112	RTL : 0.996753140716	# of leaves remain : 388	Pruned leaf : P02113_1
Iteration : 113	RTL : 0.996600883094	# of leaves remain : 387	Pruned leaf : P08852_1
Iteration : 114	RTL : 0.996448395476	# of leaves remain : 386	Pruned leaf : P08853_1
Iteration : 115	RTL : 0.996295447865	# of leaves remain : 385	Pruned leaf : P09422_1
Iteration : 116	RTL : 0.996142270258	# of leaves remain : 384	Pruned leaf : P01971_2
Iteration : 117	RTL : 0.995989092650	# of leaves remain : 383	Pruned leaf : Q9TSN8_3
Iteration : 118	RTL : 0.995835685047	# of leaves remain : 382	Pruned leaf : P07410_1
Iteration : 119	RTL : 0.995682047446	# of leaves remain : 381	Pruned leaf : P18975_2
Iteration : 120	RTL : 0.995527489861	# of leaves remain : 380	Pruned leaf : P09909_1
Iteration : 121	RTL : 0.995372242286	# of leaves remain : 379	Pruned leaf : P01928_2
Iteration : 122	RTL : 0.995216764714	# of leaves remain : 378	Pruned leaf : P23602_1
Iteration : 123	RTL : 0.995061057146	# of leaves remain : 377	Pruned leaf : P02047_1
Iteration : 124	RTL : 0.994905349578	# of leaves remain : 376	Pruned leaf : P07403_1
Iteration : 125	RTL : 0.994749412014	# of leaves remain : 375	Pruned leaf : P68046_1
Iteration : 126	RTL : 0.994593014457	# of leaves remain : 374	Pruned leaf : P10892_1
Iteration : 127	RTL : 0.994436386904	# of leaves remain : 373	Pruned leaf : P01961_3
Iteration : 128	RTL : 0.994279759350	# of leaves remain : 372	Pruned leaf : P23600_1
Iteration : 129	RTL : 0.994123131797	# of leaves remain : 371	Pruned leaf : Q9TSN9_3
Iteration : 130	RTL : 0.993966274247	# of leaves remain : 370	Pruned leaf : P63105_1
Iteration : 131	RTL : 0.993809186701	# of leaves remain : 369	Pruned leaf : P63111_2
Iteration : 132	RTL : 0.993652099154	# of leaves remain : 368	Pruned leaf : Q6WN25_3
Iteration : 133	RTL : 0.993494781612	# of leaves remain : 367	Pruned leaf : P09906_1
Iteration : 134	RTL : 0.993337464069	# of leaves remain : 366	Pruned leaf : P68059_1
Iteration : 135	RTL : 0.993180146526	# of leaves remain : 365	Pruned leaf : Q6WN21_3
Iteration : 136	RTL : 0.993021908998	# of leaves remain : 364	Pruned leaf : P08259_1
Iteration : 137	RTL : 0.992863671469	# of leaves remain : 363	Pruned leaf : P19885_2
Iteration : 138	RTL : 0.992704743952	# of leaves remain : 362	Pruned leaf : P08224_2
Iteration : 139	RTL : 0.992545816434	# of leaves remain : 361	Pruned leaf : P13557_2
Iteration : 140	RTL : 0.992385508938	# of leaves remain : 360	Pruned leaf : P07425_1
Iteration : 141	RTL : 0.992224511453	# of leaves remain : 359	Pruned leaf : P21768_1
Iteration : 142	RTL : 0.992060754011	# of leaves remain : 358	Pruned leaf : P18969_2
Iteration : 143	RTL : 0.991896306580	# of leaves remain : 357	Pruned leaf : P68064_2
Iteration : 144	RTL : 0.991730479170	# of leaves remain : 356	Pruned leaf : P62741_2
Iteration : 145	RTL : 0.991562351796	# of leaves remain : 355	Pruned leaf : P02038_1
Iteration : 146	RTL : 0.991392844444	# of leaves remain : 354	Pruned leaf : P01977_1
Iteration : 147	RTL : 0.991222647102	# of leaves remain : 353	Pruned leaf : P01967_1
Iteration : 148	RTL : 0.991052219764	# of leaves remain : 352	Pruned leaf : P02044_3
Iteration : 149	RTL : 0.990881332434	# of leaves remain : 351	Pruned leaf : P01933_1
Iteration : 150	RTL : 0.990709755114	# of leaves remain : 350	Pruned leaf : P01969_2
Iteration : 151	RTL : 0.990538177794	# of leaves remain : 349	Pruned leaf : P02026_1
Iteration : 152	RTL : 0.990365910484	# of leaves remain : 348	Pruned leaf : P08258_1
Iteration : 153	RTL : 0.990192263197	# of leaves remain : 347	Pruned leaf : P07402_1
Iteration : 154	RTL : 0.990011486021	# of leaves remain : 346	Pruned leaf : P01996_2
Iteration : 155	RTL : 0.989830248852	# of leaves remain : 345	Pruned leaf : P02091_3
Iteration : 156	RTL : 0.989648091697	# of leaves remain : 344	Pruned leaf : Q6WN26_3
Iteration : 157	RTL : 0.989460414628	# of leaves remain : 343	Pruned leaf : P14390_1
Iteration : 158	RTL : 0.989269517610	# of leaves remain : 342	Pruned leaf : P01936_1
Iteration : 159	RTL : 0.989075860635	# of leaves remain : 341	Pruned leaf : P83135_2
Iteration : 160	RTL : 0.988875303768	# of leaves remain : 340	Pruned leaf : P01954_1
Iteration : 161	RTL : 0.988652897242	# of leaves remain : 339	Pruned leaf : P23019_1
Iteration : 162	RTL : 0.988420830867	# of leaves remain : 338	Pruned leaf : P41330_2
Iteration : 163	RTL : 0.988162084908	# of leaves remain : 337	Pruned leaf : P16417_1
Iteration : 164	RTL : 0.987888389183	# of leaves remain : 336	Pruned leaf : P02117_1
Iteration : 165	RTL : 0.987602963642	# of leaves remain : 335	Pruned leaf : P01953_1
Iteration : 166	RTL : 0.987315238136	# of leaves remain : 334	Pruned leaf : P01938_2
Iteration : 167	RTL : 0.987026362648	# of leaves remain : 333	Pruned leaf : P04243_2
Iteration : 168	RTL : 0.986726907326	# of leaves remain : 332	Pruned leaf : P83134_1
Iteration : 169	RTL : 0.986423312068	# of leaves remain : 331	Pruned leaf : P01939_3
Iteration : 170	RTL : 0.986117876839	# of leaves remain : 330	Pruned leaf : P01995_1
Iteration : 171	RTL : 0.985811061631	# of leaves remain : 329	Pruned leaf : Q6WN20_3
Iteration : 172	RTL : 0.985500566481	# of leaves remain : 328	Pruned leaf : P68232_2
Iteration : 173	RTL : 0.985189611338	# of leaves remain : 327	Pruned leaf : P10893_1
Iteration : 174	RTL : 0.984878656195	# of leaves remain : 326	Pruned leaf : Q9TS34_2
Iteration : 175	RTL : 0.984567471056	# of leaves remain : 325	Pruned leaf : P07412_1
Iteration : 176	RTL : 0.984255365931	# of leaves remain : 324	Pruned leaf : P06635_2
Iteration : 177	RTL : 0.983942570817	# of leaves remain : 323	Pruned leaf : P02123_1
Iteration : 178	RTL : 0.983627935732	# of leaves remain : 322	Pruned leaf : P68011_1
Iteration : 179	RTL : 0.983313300646	# of leaves remain : 321	Pruned leaf : P83613_1
Iteration : 180	RTL : 0.982997055586	# of leaves remain : 320	Pruned leaf : P83131_2
Iteration : 181	RTL : 0.982680580529	# of leaves remain : 319	Pruned leaf : P41327_1
Iteration : 182	RTL : 0.982362955491	# of leaves remain : 318	Pruned leaf : Q6WN22_3
Iteration : 183	RTL : 0.982044410466	# of leaves remain : 317	Pruned leaf : P21871_2
Iteration : 184	RTL : 0.981724485464	# of leaves remain : 316	Pruned leaf : P61948_2
Iteration : 185	RTL : 0.981404330464	# of leaves remain : 315	Pruned leaf : Q6WN29_3
Iteration : 186	RTL : 0.981083945469	# of leaves remain : 314	Pruned leaf : P02031_1
Iteration : 187	RTL : 0.980763100480	# of leaves remain : 313	Pruned leaf : P02058_1
Iteration : 188	RTL : 0.980439495535	# of leaves remain : 312	Pruned leaf : P02004_1
Iteration : 189	RTL : 0.980114050619	# of leaves remain : 311	Pruned leaf : Q1AGS4_3
Iteration : 190	RTL : 0.979788375706	# of leaves remain : 310	Pruned leaf : P01986_2
Iteration : 191	RTL : 0.979460400829	# of leaves remain : 309	Pruned leaf : P84791_1
Iteration : 192	RTL : 0.979128746009	# of leaves remain : 308	Pruned leaf : P02042_2
Iteration : 193	RTL : 0.978794791225	# of leaves remain : 307	Pruned leaf : P02057_2
Iteration : 194	RTL : 0.978460606445	# of leaves remain : 306	Pruned leaf : P02061_1
Iteration : 195	RTL : 0.978114921845	# of leaves remain : 305	Pruned leaf : P19002_1
Iteration : 196	RTL : 0.977766707284	# of leaves remain : 304	Pruned leaf : P02016_3
Iteration : 197	RTL : 0.977412972809	# of leaves remain : 303	Pruned leaf : B3EWD6_1
Iteration : 198	RTL : 0.977059008338	# of leaves remain : 302	Pruned leaf : P02012_2
Iteration : 199	RTL : 0.976702743903	# of leaves remain : 301	Pruned leaf : P24589_2
Iteration : 200	RTL : 0.976338429594	# of leaves remain : 300	Pruned leaf : P01993_2
Iteration : 201	RTL : 0.975963305453	# of leaves remain : 299	Pruned leaf : P01972_1
Iteration : 202	RTL : 0.975583351388	# of leaves remain : 298	Pruned leaf : P0C238_2
Iteration : 203	RTL : 0.975193277481	# of leaves remain : 297	Pruned leaf : P82111_1
Iteration : 204	RTL : 0.974797223667	# of leaves remain : 296	Pruned leaf : P10057_1
Iteration : 205	RTL : 0.974388980044	# of leaves remain : 295	Pruned leaf : P01942_2
Iteration : 206	RTL : 0.973980276428	# of leaves remain : 294	Pruned leaf : P20244_1
Iteration : 207	RTL : 0.973560992977	# of leaves remain : 293	Pruned leaf : P24659_1
Iteration : 208	RTL : 0.973132969663	# of leaves remain : 292	Pruned leaf : P09105_2
Iteration : 209	RTL : 0.972699656431	# of leaves remain : 291	Pruned leaf : P20243_1
Iteration : 210	RTL : 0.972260133297	# of leaves remain : 290	Pruned leaf : P62363_1
Iteration : 211	RTL : 0.971816470227	# of leaves remain : 289	Pruned leaf : P04239_1
Iteration : 212	RTL : 0.971368207229	# of leaves remain : 288	Pruned leaf : P45718_1
Iteration : 213	RTL : 0.970916494284	# of leaves remain : 287	Pruned leaf : P11753_1
Iteration : 214	RTL : 0.970462251380	# of leaves remain : 286	Pruned leaf : P01990_2
Iteration : 215	RTL : 0.970003408547	# of leaves remain : 285	Pruned leaf : P02077_1
Iteration : 216	RTL : 0.969544335717	# of leaves remain : 284	Pruned leaf : Q95238_3
Iteration : 217	RTL : 0.969080202967	# of leaves remain : 283	Pruned leaf : P15166_1
Iteration : 218	RTL : 0.968611470289	# of leaves remain : 282	Pruned leaf : P68015_1
Iteration : 219	RTL : 0.968136987700	# of leaves remain : 281	Pruned leaf : P01956_1
Iteration : 220	RTL : 0.967658135180	# of leaves remain : 280	Pruned leaf : P82112_1
Iteration : 221	RTL : 0.967176752699	# of leaves remain : 279	Pruned leaf : P18996_3
Iteration : 222	RTL : 0.966694910226	# of leaves remain : 278	Pruned leaf : P07034_1
Iteration : 223	RTL : 0.966212607759	# of leaves remain : 277	Pruned leaf : P0CH26_1
Iteration : 224	RTL : 0.965729155311	# of leaves remain : 276	Pruned leaf : P02039_1
Iteration : 225	RTL : 0.965244782876	# of leaves remain : 275	Pruned leaf : P02003_1
Iteration : 226	RTL : 0.964758570471	# of leaves remain : 274	Pruned leaf : Q9XSN3_3
Iteration : 227	RTL : 0.964271438080	# of leaves remain : 273	Pruned leaf : P02102_2
Iteration : 228	RTL : 0.963780395750	# of leaves remain : 272	Pruned leaf : P09420_1
Iteration : 229	RTL : 0.963283143517	# of leaves remain : 271	Pruned leaf : P02024_2
Iteration : 230	RTL : 0.962781521353	# of leaves remain : 270	Pruned leaf : Q6WN28_3
Iteration : 231	RTL : 0.962257589536	# of leaves remain : 269	Pruned leaf : P81024_1
Iteration : 232	RTL : 0.961732737735	# of leaves remain : 268	Pruned leaf : P01962_1
Iteration : 233	RTL : 0.961196846105	# of leaves remain : 267	Pruned leaf : P06637_2
Iteration : 234	RTL : 0.960641174785	# of leaves remain : 266	Pruned leaf : Q6B0K9_1
Iteration : 235	RTL : 0.960079753554	# of leaves remain : 265	Pruned leaf : P02019_1
Iteration : 236	RTL : 0.959509592460	# of leaves remain : 264	Pruned leaf : P28781_1
Iteration : 237	RTL : 0.958936441413	# of leaves remain : 263	Pruned leaf : P07411_1
Iteration : 238	RTL : 0.958353630516	# of leaves remain : 262	Pruned leaf : P20854_1
Iteration : 239	RTL : 0.957753799886	# of leaves remain : 261	Pruned leaf : P01950_1
Iteration : 240	RTL : 0.957146379374	# of leaves remain : 260	Pruned leaf : B3EWE3_1
Iteration : 241	RTL : 0.956533898941	# of leaves remain : 259	Pruned leaf : P22742_1
Iteration : 242	RTL : 0.955915208604	# of leaves remain : 258	Pruned leaf : P19759_2
Iteration : 243	RTL : 0.955295828279	# of leaves remain : 257	Pruned leaf : P07421_1
Iteration : 244	RTL : 0.954673228004	# of leaves remain : 256	Pruned leaf : O42425_3
Iteration : 245	RTL : 0.954041657869	# of leaves remain : 255	Pruned leaf : P02088_2
Iteration : 246	RTL : 0.953400427885	# of leaves remain : 254	Pruned leaf : P02036_2
Iteration : 247	RTL : 0.952758967905	# of leaves remain : 253	Pruned leaf : P23016_1
Iteration : 248	RTL : 0.952114977964	# of leaves remain : 252	Pruned leaf : P17689_1
Iteration : 249	RTL : 0.951463628138	# of leaves remain : 251	Pruned leaf : P28780_1
Iteration : 250	RTL : 0.950811818319	# of leaves remain : 250	Pruned leaf : P15163_1
Iteration : 251	RTL : 0.950155408573	# of leaves remain : 249	Pruned leaf : P19015_1
Iteration : 252	RTL : 0.949494168901	# of leaves remain : 248	Pruned leaf : B3EWD5_1
Iteration : 253	RTL : 0.948816599485	# of leaves remain : 247	Pruned leaf : P02013_2
Iteration : 254	RTL : 0.948119250377	# of leaves remain : 246	Pruned leaf : B2KHZ4_1
Iteration : 255	RTL : 0.947404191547	# of leaves remain : 245	Pruned leaf : P07413_1
Iteration : 256	RTL : 0.946680852845	# of leaves remain : 244	Pruned leaf : P19646_1
Iteration : 257	RTL : 0.945932904528	# of leaves remain : 243	Pruned leaf : Q9XSK1_3
Iteration : 258	RTL : 0.945180356283	# of leaves remain : 242	Pruned leaf : P07405_1
Iteration : 259	RTL : 0.944423438106	# of leaves remain : 241	Pruned leaf : B3EWD0_1
Iteration : 260	RTL : 0.943643060295	# of leaves remain : 240	Pruned leaf : P08225_2
Iteration : 261	RTL : 0.942849112697	# of leaves remain : 239	Pruned leaf : P19645_1
Iteration : 262	RTL : 0.942046195238	# of leaves remain : 238	Pruned leaf : P83611_1
Iteration : 263	RTL : 0.941232007956	# of leaves remain : 237	Pruned leaf : P02000_1
Iteration : 264	RTL : 0.940417590677	# of leaves remain : 236	Pruned leaf : P68235_2
Iteration : 265	RTL : 0.939598803467	# of leaves remain : 235	Pruned leaf : Q0ZA50_3
Iteration : 266	RTL : 0.938747126770	# of leaves remain : 234	Pruned leaf : P06347_2
Iteration : 267	RTL : 0.937892000127	# of leaves remain : 233	Pruned leaf : Q862A7_3
Iteration : 268	RTL : 0.937023533692	# of leaves remain : 232	Pruned leaf : P01997_1
Iteration : 269	RTL : 0.936130457642	# of leaves remain : 231	Pruned leaf : P84609_2
Iteration : 270	RTL : 0.935200812163	# of leaves remain : 230	Pruned leaf : B3EWD3_1
Iteration : 271	RTL : 0.934271166684	# of leaves remain : 229	Pruned leaf : Q7M3B6_1
Iteration : 272	RTL : 0.933325421457	# of leaves remain : 228	Pruned leaf : P20855_1
Iteration : 273	RTL : 0.932363806477	# of leaves remain : 227	Pruned leaf : Q45XI8_3
Iteration : 274	RTL : 0.931401271512	# of leaves remain : 226	Pruned leaf : P18989_1
Iteration : 275	RTL : 0.930428386709	# of leaves remain : 225	Pruned leaf : P09904_1
Iteration : 276	RTL : 0.929452511952	# of leaves remain : 224	Pruned leaf : P07431_2
Iteration : 277	RTL : 0.928473647242	# of leaves remain : 223	Pruned leaf : P09839_1
Iteration : 278	RTL : 0.927486732657	# of leaves remain : 222	Pruned leaf : B3EWE4_1
Iteration : 279	RTL : 0.926494528155	# of leaves remain : 221	Pruned leaf : P11757_1
Iteration : 280	RTL : 0.925488523869	# of leaves remain : 220	Pruned leaf : P18978_1
Iteration : 281	RTL : 0.924477459662	# of leaves remain : 219	Pruned leaf : P20019_1
Iteration : 282	RTL : 0.923465245473	# of leaves remain : 218	Pruned leaf : P23020_1
Iteration : 283	RTL : 0.922451191312	# of leaves remain : 217	Pruned leaf : P01940_1
Iteration : 284	RTL : 0.921409537583	# of leaves remain : 216	Pruned leaf : P01981_1
Iteration : 285	RTL : 0.920361903947	# of leaves remain : 215	Pruned leaf : P04242_1
Iteration : 286	RTL : 0.919304610462	# of leaves remain : 214	Pruned leaf : P01979_1
Iteration : 287	RTL : 0.918236047153	# of leaves remain : 213	Pruned leaf : P09908_1
Iteration : 288	RTL : 0.917143564218	# of leaves remain : 212	Pruned leaf : P02018_1
Iteration : 289	RTL : 0.916047401340	# of leaves remain : 211	Pruned leaf : P60524_1
Iteration : 290	RTL : 0.914948248508	# of leaves remain : 210	Pruned leaf : P01945_1
Iteration : 291	RTL : 0.913847255706	# of leaves remain : 209	Pruned leaf : P14522_1
Iteration : 292	RTL : 0.912735683069	# of leaves remain : 208	Pruned leaf : P02033_1
Iteration : 293	RTL : 0.911594210898	# of leaves remain : 207	Pruned leaf : P18984_1
Iteration : 294	RTL : 0.910443998865	# of leaves remain : 206	Pruned leaf : P02089_2
Iteration : 295	RTL : 0.909281827018	# of leaves remain : 205	Pruned leaf : P83271_2
Iteration : 296	RTL : 0.908088605656	# of leaves remain : 204	Pruned leaf : Q90487_3
Iteration : 297	RTL : 0.906881124517	# of leaves remain : 203	Pruned leaf : B3EWD2_1
Iteration : 298	RTL : 0.905670193432	# of leaves remain : 202	Pruned leaf : P15164_1
Iteration : 299	RTL : 0.904458112364	# of leaves remain : 201	Pruned leaf : P02005_1
Iteration : 300	RTL : 0.903234071484	# of leaves remain : 200	Pruned leaf : P82990_1
Iteration : 301	RTL : 0.902007040650	# of leaves remain : 199	Pruned leaf : P02090_1
Iteration : 302	RTL : 0.900769889974	# of leaves remain : 198	Pruned leaf : P18435_2
Iteration : 303	RTL : 0.899525609410	# of leaves remain : 197	Pruned leaf : P10783_1
Iteration : 304	RTL : 0.898271439000	# of leaves remain : 196	Pruned leaf : P19886_2
Iteration : 305	RTL : 0.897012898659	# of leaves remain : 195	Pruned leaf : P15448_1
Iteration : 306	RTL : 0.895745388457	# of leaves remain : 194	Pruned leaf : P01935_1
Iteration : 307	RTL : 0.894472358342	# of leaves remain : 193	Pruned leaf : P02002_1
Iteration : 308	RTL : 0.893195648284	# of leaves remain : 192	Pruned leaf : K7N5M5_2
Iteration : 309	RTL : 0.891913418312	# of leaves remain : 191	Pruned leaf : P26915_1
Iteration : 310	RTL : 0.890626818409	# of leaves remain : 190	Pruned leaf : Q45XH3_3
Iteration : 311	RTL : 0.889340218506	# of leaves remain : 189	Pruned leaf : P21200_1
Iteration : 312	RTL : 0.888050398653	# of leaves remain : 188	Pruned leaf : P08535_2
Iteration : 313	RTL : 0.886744939044	# of leaves remain : 187	Pruned leaf : Q9TSP1_2
Iteration : 314	RTL : 0.885429819586	# of leaves remain : 186	Pruned leaf : P14392_1
Iteration : 315	RTL : 0.884112630161	# of leaves remain : 185	Pruned leaf : Q9PRL9_1
Iteration : 316	RTL : 0.882792910775	# of leaves remain : 184	Pruned leaf : P01980_3
Iteration : 317	RTL : 0.881461921565	# of leaves remain : 183	Pruned leaf : P01999_2
Iteration : 318	RTL : 0.880128632391	# of leaves remain : 182	Pruned leaf : P18977_1
Iteration : 319	RTL : 0.878790973285	# of leaves remain : 181	Pruned leaf : P04240_1
Iteration : 320	RTL : 0.877425484614	# of leaves remain : 180	Pruned leaf : P19016_1
Iteration : 321	RTL : 0.876024116503	# of leaves remain : 179	Pruned leaf : Q9PVM4_3
Iteration : 322	RTL : 0.874617918468	# of leaves remain : 178	Pruned leaf : P13786_2
Iteration : 323	RTL : 0.873200910602	# of leaves remain : 177	Pruned leaf : P02055_1
Iteration : 324	RTL : 0.871776312854	# of leaves remain : 176	Pruned leaf : P02051_1
Iteration : 325	RTL : 0.870334695372	# of leaves remain : 175	Pruned leaf : P15162_2
Iteration : 326	RTL : 0.868878128124	# of leaves remain : 174	Pruned leaf : P19760_3
Iteration : 327	RTL : 0.867410751044	# of leaves remain : 173	Pruned leaf : P11752_1
Iteration : 328	RTL : 0.865929804176	# of leaves remain : 172	Pruned leaf : Q8HY34_3
Iteration : 329	RTL : 0.864439427456	# of leaves remain : 171	Pruned leaf : P02127_2
Iteration : 330	RTL : 0.862945830786	# of leaves remain : 170	Pruned leaf : P01963_2
Iteration : 331	RTL : 0.861441194289	# of leaves remain : 169	Pruned leaf : C0HJT8_1
Iteration : 332	RTL : 0.859927817927	# of leaves remain : 168	Pruned leaf : P10780_1
Iteration : 333	RTL : 0.858407771671	# of leaves remain : 167	Pruned leaf : P06640_1
Iteration : 334	RTL : 0.856884965457	# of leaves remain : 166	Pruned leaf : P01951_1
Iteration : 335	RTL : 0.855355029354	# of leaves remain : 165	Pruned leaf : P18973_1
Iteration : 336	RTL : 0.853795883708	# of leaves remain : 164	Pruned leaf : P14388_1
Iteration : 337	RTL : 0.852209598486	# of leaves remain : 163	Pruned leaf : P02040_1
Iteration : 338	RTL : 0.850621933285	# of leaves remain : 162	Pruned leaf : P85083_1
Iteration : 339	RTL : 0.849033808092	# of leaves remain : 161	Pruned leaf : P02093_2
Iteration : 340	RTL : 0.847444302920	# of leaves remain : 160	Pruned leaf : P02050_1
Iteration : 341	RTL : 0.845852037791	# of leaves remain : 159	Pruned leaf : P14259_2
Iteration : 342	RTL : 0.844249192828	# of leaves remain : 158	Pruned leaf : P13273_1
Iteration : 343	RTL : 0.842629558126	# of leaves remain : 157	Pruned leaf : Q28496_3
Iteration : 344	RTL : 0.840975423964	# of leaves remain : 156	Pruned leaf : P11755_1
Iteration : 345	RTL : 0.839298060164	# of leaves remain : 155	Pruned leaf : Q9PVU6_3
Iteration : 346	RTL : 0.837613336480	# of leaves remain : 154	Pruned leaf : P08849_1
Iteration : 347	RTL : 0.835919182942	# of leaves remain : 153	Pruned leaf : Q28931_3
Iteration : 348	RTL : 0.834218129513	# of leaves remain : 152	Pruned leaf : P01930_2
Iteration : 349	RTL : 0.832511096177	# of leaves remain : 151	Pruned leaf : P01943_1
Iteration : 350	RTL : 0.830787273103	# of leaves remain : 150	Pruned leaf : P01965_1
Iteration : 351	RTL : 0.829049190252	# of leaves remain : 149	Pruned leaf : B3EWD9_1
Iteration : 352	RTL : 0.827309497426	# of leaves remain : 148	Pruned leaf : P14525_1
Iteration : 353	RTL : 0.825563134704	# of leaves remain : 147	Pruned leaf : P01985_2
Iteration : 354	RTL : 0.823807802122	# of leaves remain : 146	Pruned leaf : P07419_2
Iteration : 355	RTL : 0.822034069828	# of leaves remain : 145	Pruned leaf : P01944_1
Iteration : 356	RTL : 0.820252517656	# of leaves remain : 144	Pruned leaf : P0C0U6_1
Iteration : 357	RTL : 0.818436696019	# of leaves remain : 143	Pruned leaf : P83270_2
Iteration : 358	RTL : 0.816616734447	# of leaves remain : 142	Pruned leaf : P84653_2
Iteration : 359	RTL : 0.814763653392	# of leaves remain : 141	Pruned leaf : P19789_1
Iteration : 360	RTL : 0.812854683210	# of leaves remain : 140	Pruned leaf : P19832_1
Iteration : 361	RTL : 0.810940193114	# of leaves remain : 139	Pruned leaf : P02014_1
Iteration : 362	RTL : 0.809001093403	# of leaves remain : 138	Pruned leaf : P09840_1
Iteration : 363	RTL : 0.807022204313	# of leaves remain : 137	Pruned leaf : P02101_3
Iteration : 364	RTL : 0.805033885371	# of leaves remain : 136	Pruned leaf : Q7M2Y4_1
Iteration : 365	RTL : 0.803008996999	# of leaves remain : 135	Pruned leaf : P10777_1
Iteration : 366	RTL : 0.800976058754	# of leaves remain : 134	Pruned leaf : P84204_1
Iteration : 367	RTL : 0.798912070993	# of leaves remain : 133	Pruned leaf : B3EWE1_1
Iteration : 368	RTL : 0.796793804081	# of leaves remain : 132	Pruned leaf : P04241_1
Iteration : 369	RTL : 0.794657827445	# of leaves remain : 131	Pruned leaf : P01957_1
Iteration : 370	RTL : 0.792515640906	# of leaves remain : 130	Pruned leaf : P07404_1
Iteration : 371	RTL : 0.790323315150	# of leaves remain : 129	Pruned leaf : P01982_1
Iteration : 372	RTL : 0.788059230515	# of leaves remain : 128	Pruned leaf : P11751_1
Iteration : 373	RTL : 0.785772376235	# of leaves remain : 127	Pruned leaf : P19014_2
Iteration : 374	RTL : 0.783480692032	# of leaves remain : 126	Pruned leaf : P01955_1
Iteration : 375	RTL : 0.781081139513	# of leaves remain : 125	Pruned leaf : P07430_2
Iteration : 376	RTL : 0.778649617493	# of leaves remain : 124	Pruned leaf : P01941_1
Iteration : 377	RTL : 0.776214875524	# of leaves remain : 123	Pruned leaf : B3EWD1_1
Iteration : 378	RTL : 0.773755293942	# of leaves remain : 122	Pruned leaf : P02059_1
Iteration : 379	RTL : 0.771272712720	# of leaves remain : 121	Pruned leaf : P02006_1
Iteration : 380	RTL : 0.768788291527	# of leaves remain : 120	Pruned leaf : C0HJE0_1
Iteration : 381	RTL : 0.766277650743	# of leaves remain : 119	Pruned leaf : P01983_2
Iteration : 382	RTL : 0.763766779963	# of leaves remain : 118	Pruned leaf : Q9XSN2_3
Iteration : 383	RTL : 0.761235899495	# of leaves remain : 117	Pruned leaf : B3EWD4_1
Iteration : 384	RTL : 0.758688459286	# of leaves remain : 116	Pruned leaf : P11758_1
Iteration : 385	RTL : 0.756129289261	# of leaves remain : 115	Pruned leaf : P09421_1
Iteration : 386	RTL : 0.753522509978	# of leaves remain : 114	Pruned leaf : P41329_2
Iteration : 387	RTL : 0.750904230876	# of leaves remain : 113	Pruned leaf : P80727_1
Iteration : 388	RTL : 0.748278821885	# of leaves remain : 112	Pruned leaf : P13787_2
Iteration : 389	RTL : 0.745589933885	# of leaves remain : 111	Pruned leaf : P29623_1
Iteration : 390	RTL : 0.742891386037	# of leaves remain : 110	Pruned leaf : P11517_2
Iteration : 391	RTL : 0.740159028716	# of leaves remain : 109	Pruned leaf : P83124_1
Iteration : 392	RTL : 0.737421841471	# of leaves remain : 108	Pruned leaf : P01973_1
Iteration : 393	RTL : 0.734652454729	# of leaves remain : 107	Pruned leaf : P83623_1
Iteration : 394	RTL : 0.731865358263	# of leaves remain : 106	Pruned leaf : P02103_2
Iteration : 395	RTL : 0.729038702415	# of leaves remain : 105	Pruned leaf : P11251_2
Iteration : 396	RTL : 0.726200086755	# of leaves remain : 104	Pruned leaf : P07407_1
Iteration : 397	RTL : 0.723341001414	# of leaves remain : 103	Pruned leaf : P11025_2
Iteration : 398	RTL : 0.720460296410	# of leaves remain : 102	Pruned leaf : Q9PVM3_3
Iteration : 399	RTL : 0.717561191694	# of leaves remain : 101	Pruned leaf : P10059_1
Iteration : 400	RTL : 0.714646217226	# of leaves remain : 100	Pruned leaf : P84790_2
Iteration : 401	RTL : 0.711710313085	# of leaves remain : 99	Pruned leaf : P86882_1
Iteration : 402	RTL : 0.708762449131	# of leaves remain : 98	Pruned leaf : P11748_1
Iteration : 403	RTL : 0.705757776064	# of leaves remain : 97	Pruned leaf : B3EWC9_1
Iteration : 404	RTL : 0.702745283119	# of leaves remain : 96	Pruned leaf : P19831_1
Iteration : 405	RTL : 0.699713470476	# of leaves remain : 95	Pruned leaf : Q45XI7_3
Iteration : 406	RTL : 0.696668318041	# of leaves remain : 94	Pruned leaf : P01964_1
Iteration : 407	RTL : 0.693588666145	# of leaves remain : 93	Pruned leaf : P30892_1
Iteration : 408	RTL : 0.690448525194	# of leaves remain : 92	Pruned leaf : Q7M3B8_1
Iteration : 409	RTL : 0.687290674520	# of leaves remain : 91	Pruned leaf : P01946_3
Iteration : 410	RTL : 0.684128913906	# of leaves remain : 90	Pruned leaf : P01984_2
Iteration : 411	RTL : 0.680908964202	# of leaves remain : 89	Pruned leaf : P02067_3
Iteration : 412	RTL : 0.677602535848	# of leaves remain : 88	Pruned leaf : Q45XJ0_3
Iteration : 413	RTL : 0.674282077714	# of leaves remain : 87	Pruned leaf : P01932_1
Iteration : 414	RTL : 0.670932410036	# of leaves remain : 86	Pruned leaf : P01948_2
Iteration : 415	RTL : 0.667575842465	# of leaves remain : 85	Pruned leaf : P14526_3
Iteration : 416	RTL : 0.664207085085	# of leaves remain : 84	Pruned leaf : P81043_3
Iteration : 417	RTL : 0.660814638075	# of leaves remain : 83	Pruned leaf : P41331_1
Iteration : 418	RTL : 0.657381941694	# of leaves remain : 82	Pruned leaf : P24291_1
Iteration : 419	RTL : 0.653865066628	# of leaves remain : 81	Pruned leaf : B3EWD7_1
Iteration : 420	RTL : 0.650307942190	# of leaves remain : 80	Pruned leaf : P06467_2
Iteration : 421	RTL : 0.646723448180	# of leaves remain : 79	Pruned leaf : P14389_1
Iteration : 422	RTL : 0.643136654205	# of leaves remain : 78	Pruned leaf : P06714_2
Iteration : 423	RTL : 0.639449121805	# of leaves remain : 77	Pruned leaf : P84205_1
Iteration : 424	RTL : 0.635739049756	# of leaves remain : 76	Pruned leaf : P80726_2
Iteration : 425	RTL : 0.631960208782	# of leaves remain : 75	Pruned leaf : B3EWD8_1
Iteration : 426	RTL : 0.628138128482	# of leaves remain : 74	Pruned leaf : P61921_2
Iteration : 427	RTL : 0.624269358913	# of leaves remain : 73	Pruned leaf : P83132_2
Iteration : 428	RTL : 0.620383799605	# of leaves remain : 72	Pruned leaf : P22741_1
Iteration : 429	RTL : 0.616429931364	# of leaves remain : 71	Pruned leaf : O77655_3
Iteration : 430	RTL : 0.612409594162	# of leaves remain : 70	Pruned leaf : P18974_1
Iteration : 431	RTL : 0.608366717312	# of leaves remain : 69	Pruned leaf : P07035_1
Iteration : 432	RTL : 0.604266111363	# of leaves remain : 68	Pruned leaf : P83479_2
Iteration : 433	RTL : 0.600115826191	# of leaves remain : 67	Pruned leaf : P21667_1
Iteration : 434	RTL : 0.595721054837	# of leaves remain : 66	Pruned leaf : O12985_1
Iteration : 435	RTL : 0.591282354170	# of leaves remain : 65	Pruned leaf : P84792_2
Iteration : 436	RTL : 0.586808924045	# of leaves remain : 64	Pruned leaf : P06638_2
Iteration : 437	RTL : 0.582287194674	# of leaves remain : 63	Pruned leaf : P02007_3
Iteration : 438	RTL : 0.577743155652	# of leaves remain : 62	Pruned leaf : P82315_1
Iteration : 439	RTL : 0.573143227503	# of leaves remain : 61	Pruned leaf : P04237_1
Iteration : 440	RTL : 0.568538699426	# of leaves remain : 60	Pruned leaf : P01947_2
Iteration : 441	RTL : 0.563889092052	# of leaves remain : 59	Pruned leaf : P02104_2
Iteration : 442	RTL : 0.559204295229	# of leaves remain : 58	Pruned leaf : Q2KPA3_3
Iteration : 443	RTL : 0.554509148567	# of leaves remain : 57	Pruned leaf : P10062_1
Iteration : 444	RTL : 0.549783182387	# of leaves remain : 56	Pruned leaf : P80270_1
Iteration : 445	RTL : 0.544995807165	# of leaves remain : 55	Pruned leaf : P85081_1
Iteration : 446	RTL : 0.540204981998	# of leaves remain : 54	Pruned leaf : P02095_1
Iteration : 447	RTL : 0.535357577715	# of leaves remain : 53	Pruned leaf : P04244_2
Iteration : 448	RTL : 0.530427374724	# of leaves remain : 52	Pruned leaf : P07414_1
Iteration : 449	RTL : 0.525488661867	# of leaves remain : 51	Pruned leaf : P14520_1
Iteration : 450	RTL : 0.520530169319	# of leaves remain : 50	Pruned leaf : P06639_4
Iteration : 451	RTL : 0.515538557288	# of leaves remain : 49	Pruned leaf : Q1AGS8_3
Iteration : 452	RTL : 0.510519345688	# of leaves remain : 48	Pruned leaf : P11896_1
Iteration : 453	RTL : 0.505484034339	# of leaves remain : 47	Pruned leaf : B3EWR7_1
Iteration : 454	RTL : 0.500442973081	# of leaves remain : 46	Pruned leaf : P10883_1
Iteration : 455	RTL : 0.495290363565	# of leaves remain : 45	Pruned leaf : P20245_1
Iteration : 456	RTL : 0.490010566035	# of leaves remain : 44	Pruned leaf : P83113_1
Iteration : 457	RTL : 0.484704318919	# of leaves remain : 43	Pruned leaf : P02046_1
Iteration : 458	RTL : 0.479275023724	# of leaves remain : 42	Pruned leaf : P45719_1
Iteration : 459	RTL : 0.473624011993	# of leaves remain : 41	Pruned leaf : P10784_1
Iteration : 460	RTL : 0.467955750531	# of leaves remain : 40	Pruned leaf : P14527_1
Iteration : 461	RTL : 0.462208830298	# of leaves remain : 39	Pruned leaf : P10781_1
Iteration : 462	RTL : 0.456447420291	# of leaves remain : 38	Pruned leaf : Q28932_3
Iteration : 463	RTL : 0.450335955752	# of leaves remain : 37	Pruned leaf : P08422_2
Iteration : 464	RTL : 0.444184931831	# of leaves remain : 36	Pruned leaf : P18987_1
Iteration : 465	RTL : 0.437960079064	# of leaves remain : 35	Pruned leaf : P55267_2
Iteration : 466	RTL : 0.431302373057	# of leaves remain : 34	Pruned leaf : P07408_1
Iteration : 467	RTL : 0.424432150370	# of leaves remain : 33	Pruned leaf : P18971_2
Iteration : 468	RTL : 0.417560317708	# of leaves remain : 32	Pruned leaf : P02078_2
Iteration : 469	RTL : 0.410388109738	# of leaves remain : 31	Pruned leaf : B0M2T2_1
Iteration : 470	RTL : 0.403097683614	# of leaves remain : 30	Pruned leaf : Q10732_1
Iteration : 471	RTL : 0.395786557814	# of leaves remain : 29	Pruned leaf : Q1AGS9_3
Iteration : 472	RTL : 0.388278095096	# of leaves remain : 28	Pruned leaf : P18707_1
Iteration : 473	RTL : 0.380598975044	# of leaves remain : 27	Pruned leaf : P01949_1
Iteration : 474	RTL : 0.372846716134	# of leaves remain : 26	Pruned leaf : P01978_1
Iteration : 475	RTL : 0.365047307961	# of leaves remain : 25	Pruned leaf : P56250_1
Iteration : 476	RTL : 0.357137731509	# of leaves remain : 24	Pruned leaf : P02017_1
Iteration : 477	RTL : 0.348343128880	# of leaves remain : 23	Pruned leaf : P02011_1
Iteration : 478	RTL : 0.339509196866	# of leaves remain : 22	Pruned leaf : P02137_2
Iteration : 479	RTL : 0.330540256961	# of leaves remain : 21	Pruned leaf : Q9YGW2_1
Iteration : 480	RTL : 0.321446659003	# of leaves remain : 20	Pruned leaf : P01976_1
Iteration : 481	RTL : 0.311864318679	# of leaves remain : 19	Pruned leaf : P18981_2
Iteration : 482	RTL : 0.301477450922	# of leaves remain : 18	Pruned leaf : P80945_2
Iteration : 483	RTL : 0.290903136093	# of leaves remain : 17	Pruned leaf : P84203_1
Iteration : 484	RTL : 0.280239122665	# of leaves remain : 16	Pruned leaf : Q7LZC2_1
Iteration : 485	RTL : 0.269406981863	# of leaves remain : 15	Pruned leaf : P02009_1
Iteration : 486	RTL : 0.258429483331	# of leaves remain : 14	Pruned leaf : P84216_2
Iteration : 487	RTL : 0.247402305576	# of leaves remain : 13	Pruned leaf : Q7LZC3_1
Iteration : 488	RTL : 0.236369837903	# of leaves remain : 12	Pruned leaf : P07428_2
Iteration : 489	RTL : 0.224337345851	# of leaves remain : 11	Pruned leaf : P23740_1
Iteration : 490	RTL : 0.209360669786	# of leaves remain : 10	Pruned leaf : P0C0U7_1
Iteration : 491	RTL : 0.193947000548	# of leaves remain : 9	Pruned leaf : P02020_1
Iteration : 492	RTL : 0.177943850517	# of leaves remain : 8	Pruned leaf : P51465_2
Iteration : 493	RTL : 0.161935180572	# of leaves remain : 7	Pruned leaf : P14523_1
Iteration : 494	RTL : 0.144955005803	# of leaves remain : 6	Pruned leaf : P02010_1
Iteration : 495	RTL : 0.125679236890	# of leaves remain : 5	Pruned leaf : P02015_2
Iteration : 496	RTL : 0.103658000862	# of leaves remain : 4	Pruned leaf : P0C237_2
Iteration : 497	RTL : 0.080176517643	# of leaves remain : 3	Pruned leaf : A1A4Q3_1

NOTE : Iteration stopped since there are only 3 leaves in the tree now.

outdir/out.tsv was saved.
outdir/out_remaining_leaves.txt was saved.
outdir/out_pruned_leaves.txt was saved.
outdir/out_tree.newick was saved.

Output file name :
===============================================================
 * Execution log            : outdir/out.log
 * Output TSV               : outdir/out.tsv
 * List of remaining leaves : outdir/out_remaining_leaves.txt
 * List of pruned leaves    : outdir/out_pruned_leaves.txt
 * Pruned tree              : outdir/out_tree.newick
===============================================================

PROGRAM FINISHED !!!

Total elapsed time : 0.760 sec.
