
Parameter set :
===============================================================
 * Input filename         : ../test_data/example_mafft.newick
 * Output filename prefix : output
 * Output dirname         : outdir
 * Stop option (NL)       : 3
 * Silent                 : False
===============================================================

Reading tree data ...
=> DONE

Getting leaf names ...
=> DONE

Mid-point rooting ...
=> DONE

Detecting root node ...
=> DONE

Calculating basic Statistics of the input tree ...
=> DONE

Input tree Statistics :
===============================================================
 * Number of the leaves in the tree          : 17
 * Total branch length of the tree           : 16.85623
 * Diameter (the longest leaf-leaf distance) : 3.51187
 * Height (the longest root-to-tip distance) : 1.755935
===============================================================

START PRUNING !

Iteration : 1	RTL : 0.977944059852	# of leaves remain : 16	Pruned leaf : E64328
Iteration : 2	RTL : 0.951104725078	# of leaves remain : 15	Pruned leaf : 1LYLA
Iteration : 3	RTL : 0.923543402054	# of leaves remain : 14	Pruned leaf : 1B8AA
Iteration : 4	RTL : 0.895950636649	# of leaves remain : 13	Pruned leaf : y_Pyrococcus
Iteration : 5	RTL : 0.867686309454	# of leaves remain : 12	Pruned leaf : A26400
Iteration : 6	RTL : 0.834882414395	# of leaves remain : 11	Pruned leaf : G64424
Iteration : 7	RTL : 0.791735162608	# of leaves remain : 10	Pruned leaf : JT0942
Iteration : 8	RTL : 0.737323826265	# of leaves remain : 9	Pruned leaf : B64744
Iteration : 9	RTL : 0.680734660123	# of leaves remain : 8	Pruned leaf : G64930
Iteration : 10	RTL : 0.614591163030	# of leaves remain : 7	Pruned leaf : E64454
Iteration : 11	RTL : 0.545204354710	# of leaves remain : 6	Pruned leaf : 1ASZB
Iteration : 12	RTL : 0.468941157068	# of leaves remain : 5	Pruned leaf : 1ADJA
Iteration : 13	RTL : 0.390029087168	# of leaves remain : 4	Pruned leaf : D64449
Iteration : 14	RTL : 0.302568842499	# of leaves remain : 3	Pruned leaf : 1PYSA

outdir/output.tsv was saved.
outdir/output_remaining_leaves.txt was saved.
outdir/output_pruned_leaves.txt was saved.
outdir/output_tree.newick was saved.

Output file name :
===============================================================
 * Execution log            : outdir/output.log
 * Output TSV               : outdir/output.tsv
 * List of remaining leaves : outdir/output_remaining_leaves.txt
 * List of pruned leaves    : outdir/output_pruned_leaves.txt
 * Pruned tree              : outdir/output_tree.newick
===============================================================

PROGRAM FINISHED !!!

Total elapsed time : 0.002 sec.
