
Parameter set :
===============================================================
 * Input filename         : ../test_data/example_mafft.newick
 * Output filename prefix : out_mafft
 * Output dirname         : mafft
 * Stop option (NL)       : 8
 * Silent                 : False
===============================================================

Output directory mafft/ was created.


Reading tree data ...
=> DONE

Getting leaf names ...
=> DONE

Mid-point rooting ...
=> DONE

Detecting root node ...
=> DONE

Calculating basic Statistics of the input tree ...
=> DONE

Input tree Statistics :
===============================================================
 * Number of the leaves in the tree          : 17
 * Total branch length of the tree           : 16.85623
 * Diameter (the longest leaf-leaf distance) : 3.51187
 * Height (the longest root-to-tip distance) : 1.755935
===============================================================

START PRUNING !

Iteration : 1	RTL : 0.977944059852	# of leaves remain : 16	Pruned leaf : E64328
Iteration : 2	RTL : 0.951104725078	# of leaves remain : 15	Pruned leaf : 1LYLA
Iteration : 3	RTL : 0.923543402054	# of leaves remain : 14	Pruned leaf : 1B8AA
Iteration : 4	RTL : 0.895950636649	# of leaves remain : 13	Pruned leaf : y_Pyrococcus
Iteration : 5	RTL : 0.867686309454	# of leaves remain : 12	Pruned leaf : A26400
Iteration : 6	RTL : 0.834882414395	# of leaves remain : 11	Pruned leaf : G64424
Iteration : 7	RTL : 0.791735162608	# of leaves remain : 10	Pruned leaf : JT0942
Iteration : 8	RTL : 0.737323826265	# of leaves remain : 9	Pruned leaf : B64744
Iteration : 9	RTL : 0.680734660123	# of leaves remain : 8	Pruned leaf : G64930

mafft/out_mafft.tsv was saved.
mafft/out_mafft_remaining_leaves.txt was saved.
mafft/out_mafft_pruned_leaves.txt was saved.
mafft/out_mafft_tree.newick was saved.

Output file name :
===============================================================
 * Execution log            : mafft/out_mafft.log
 * Output TSV               : mafft/out_mafft.tsv
 * List of remaining leaves : mafft/out_mafft_remaining_leaves.txt
 * List of pruned leaves    : mafft/out_mafft_pruned_leaves.txt
 * Pruned tree              : mafft/out_mafft_tree.newick
===============================================================

PROGRAM FINISHED !!!

Total elapsed time : 0.002 sec.
